Usage: uvicorn [OPTIONS] APP
Try 'uvicorn --help' for help.

Error: Got unexpected extra argument (main:app)
Usage: uvicorn [OPTIONS] APP
Try 'uvicorn --help' for help.

Error: Got unexpected extra argument (main:app)
Usage: uvicorn [OPTIONS] APP
Try 'uvicorn --help' for help.

Error: Got unexpected extra argument (main:app)
Usage: uvicorn [OPTIONS] APP
Try 'uvicorn --help' for help.

Error: Got unexpected extra argument (main:app)
Usage: uvicorn [OPTIONS] APP
Try 'uvicorn --help' for help.

Error: Got unexpected extra argument (main:app)
Usage: uvicorn [OPTIONS] APP
Try 'uvicorn --help' for help.

Error: Got unexpected extra argument (main:app)
Usage: uvicorn [OPTIONS] APP
Try 'uvicorn --help' for help.

Error: Got unexpected extra argument (main:app)
Usage: uvicorn [OPTIONS] APP
Try 'uvicorn --help' for help.

Error: Got unexpected extra argument (main:app)
Usage: uvicorn [OPTIONS] APP
Try 'uvicorn --help' for help.

Error: Got unexpected extra argument (main:app)
Usage: uvicorn [OPTIONS] APP
Try 'uvicorn --help' for help.

Error: Got unexpected extra argument (main:app)
Usage: uvicorn [OPTIONS] APP
Try 'uvicorn --help' for help.

Error: Got unexpected extra argument (main:app)
Usage: uvicorn [OPTIONS] APP
Try 'uvicorn --help' for help.

Error: Got unexpected extra argument (main:app)
Usage: uvicorn [OPTIONS] APP
Try 'uvicorn --help' for help.

Error: Got unexpected extra argument (main:app)
Usage: uvicorn [OPTIONS] APP
Try 'uvicorn --help' for help.

Error: Got unexpected extra argument (main:app)
Usage: uvicorn [OPTIONS] APP
Try 'uvicorn --help' for help.

Error: Got unexpected extra argument (main:app)
INFO:     Will watch for changes in these directories: ['C:\\Users\\Usuario\\Documents\\DonEmilioCVs\\Api']
INFO:     Uvicorn running on http://0.0.0.0:7555 (Press CTRL+C to quit)
INFO:     Started reloader process [16704] using WatchFiles
INFO:     Started server process [34248]
INFO:     Waiting for application startup.
INFO:     Application startup complete.
(trapped) error reading bcrypt version
Traceback (most recent call last):
  File "C:\Users\Usuario\Documents\DonEmilioCVs\Api\venv\Lib\site-packages\passlib\handlers\bcrypt.py", line 620, in _load_backend_mixin
    version = _bcrypt.__about__.__version__
              ^^^^^^^^^^^^^^^^^
AttributeError: module 'bcrypt' has no attribute '__about__'
INFO:     ('192.168.0.25', 57203) - "WebSocket /ws?id=1&nombre=Lautaro" [accepted]
INFO:     connection open
INFO:     connection closed
INFO:     ('192.168.0.25', 58337) - "WebSocket /ws?id=1&nombre=Lautaro" [accepted]
INFO:     connection open
INFO:     connection closed
INFO:     ('192.168.0.25', 58390) - "WebSocket /ws?id=1&nombre=Lautaro" [accepted]
INFO:     connection open
INFO:     connection closed
INFO:     ('192.168.0.25', 58420) - "WebSocket /ws?id=1&nombre=Lautaro" [accepted]
INFO:     connection open
INFO:     connection closed
INFO:     ('192.168.0.25', 55840) - "WebSocket /ws?id=1&nombre=Lautaro" [accepted]
INFO:     connection open
INFO:     connection closed
INFO:     ('192.168.0.25', 50646) - "WebSocket /ws?id=1&nombre=Lautaro" [accepted]
INFO:     connection open
INFO:     connection closed
INFO:     ('192.168.0.25', 50652) - "WebSocket /ws?id=1&nombre=Lautaro" [accepted]
INFO:     connection open
INFO:     connection closed
INFO:     ('192.168.0.25', 51079) - "WebSocket /ws?id=1&nombre=Lautaro" [accepted]
INFO:     connection open
INFO:     connection closed
INFO:     ('192.168.0.25', 51090) - "WebSocket /ws?id=1&nombre=Lautaro" [accepted]
INFO:     connection open
INFO:     connection closed
INFO:     ('192.168.0.25', 51663) - "WebSocket /ws?id=1&nombre=Lautaro" [accepted]
INFO:     connection open
INFO:     connection closed
INFO:     ('192.168.0.25', 51688) - "WebSocket /ws?id=1&nombre=Lautaro" [accepted]
INFO:     connection open
INFO:     connection closed
INFO:     ('192.168.0.25', 52149) - "WebSocket /ws?id=1&nombre=Lautaro" [accepted]
INFO:     connection open
INFO:     connection closed
INFO:     ('192.168.0.25', 52156) - "WebSocket /ws?id=1&nombre=Lautaro" [accepted]
INFO:     connection open
WARNING:  WatchFiles detected changes in 'routers\usuarios.py'. Reloading...
INFO:     Shutting down
INFO:     connection closed
INFO:     Waiting for application shutdown.
INFO:     Application shutdown complete.
INFO:     Finished server process [34248]
INFO:     Started server process [6208]
INFO:     Waiting for application startup.
INFO:     Application startup complete.
INFO:     ('192.168.0.25', 53317) - "WebSocket /ws?id=1&nombre=Lautaro" [accepted]
INFO:     connection open
(trapped) error reading bcrypt version
Traceback (most recent call last):
  File "C:\Users\Usuario\Documents\DonEmilioCVs\Api\venv\Lib\site-packages\passlib\handlers\bcrypt.py", line 620, in _load_backend_mixin
    version = _bcrypt.__about__.__version__
              ^^^^^^^^^^^^^^^^^
AttributeError: module 'bcrypt' has no attribute '__about__'
INFO:     connection closed
INFO:     ('192.168.0.25', 53337) - "WebSocket /ws?id=1&nombre=Lautaro" [accepted]
INFO:     connection open
INFO:     Shutting down
INFO:     connection closed
INFO:     Waiting for application shutdown.
INFO:     Application shutdown complete.
INFO:     Finished server process [6208]
INFO:     Stopping reloader process [16704]
INFO:     Will watch for changes in these directories: ['C:\\Users\\Usuario\\Documents\\DonEmilioCVs\\Api']
INFO:     Uvicorn running on http://0.0.0.0:7555 (Press CTRL+C to quit)
INFO:     Started reloader process [8644] using WatchFiles
INFO:     Started server process [25132]
INFO:     Waiting for application startup.
INFO:     Application startup complete.
INFO:     ('192.168.0.25', 54372) - "WebSocket /ws?id=1&nombre=Lautaro" [accepted]
INFO:     connection open
(trapped) error reading bcrypt version
Traceback (most recent call last):
  File "C:\Users\Usuario\Documents\DonEmilioCVs\Api\venv\Lib\site-packages\passlib\handlers\bcrypt.py", line 620, in _load_backend_mixin
    version = _bcrypt.__about__.__version__
              ^^^^^^^^^^^^^^^^^
AttributeError: module 'bcrypt' has no attribute '__about__'
INFO:     ('192.168.0.25', 55331) - "WebSocket /ws?id=1&nombre=Lautaro" [accepted]
INFO:     connection open
INFO:     Shutting down
INFO:     connection closed
INFO:     connection closed
INFO:     Waiting for application shutdown.
INFO:     Application shutdown complete.
INFO:     Finished server process [25132]
INFO:     Stopping reloader process [8644]
INFO:     Will watch for changes in these directories: ['C:\\Users\\Usuario\\Documents\\DonEmilioCVs\\Api']
INFO:     Uvicorn running on http://0.0.0.0:7555 (Press CTRL+C to quit)
INFO:     Started reloader process [33744] using WatchFiles
INFO:     Started server process [31308]
INFO:     Waiting for application startup.
INFO:     Application startup complete.
INFO:     ('192.168.0.25', 55365) - "WebSocket /ws?id=1&nombre=Lautaro" [accepted]
INFO:     connection open
INFO:     ('192.168.0.25', 55368) - "WebSocket /ws?id=1&nombre=Lautaro" [accepted]
INFO:     connection open
WARNING:  WatchFiles detected changes in 'schemas\usuarios.py'. Reloading...
INFO:     Shutting down
INFO:     connection closed
INFO:     connection closed
INFO:     Waiting for application shutdown.
INFO:     Application shutdown complete.
INFO:     Finished server process [31308]
INFO:     Started server process [29576]
INFO:     Waiting for application startup.
INFO:     Application startup complete.
INFO:     ('192.168.0.25', 55830) - "WebSocket /ws?id=1&nombre=Lautaro" [accepted]
INFO:     connection open
INFO:     ('192.168.0.25', 55841) - "WebSocket /ws?id=1&nombre=Lautaro" [accepted]
INFO:     connection open
INFO:     Shutting down
INFO:     connection closed
INFO:     connection closed
INFO:     Waiting for application shutdown.
INFO:     Application shutdown complete.
INFO:     Finished server process [29576]
INFO:     Stopping reloader process [33744]
INFO:     Will watch for changes in these directories: ['C:\\Users\\Usuario\\Documents\\DonEmilioCVs\\Api']
INFO:     Uvicorn running on http://0.0.0.0:7555 (Press CTRL+C to quit)
INFO:     Started reloader process [14344] using WatchFiles
INFO:     Started server process [33748]
INFO:     Waiting for application startup.
INFO:     Application startup complete.
INFO:     ('192.168.0.25', 55936) - "WebSocket /ws?id=1&nombre=Lautaro" [accepted]
INFO:     connection open
INFO:     ('192.168.0.25', 55937) - "WebSocket /ws?id=1&nombre=Lautaro" [accepted]
INFO:     connection open
(trapped) error reading bcrypt version
Traceback (most recent call last):
  File "C:\Users\Usuario\Documents\DonEmilioCVs\Api\venv\Lib\site-packages\passlib\handlers\bcrypt.py", line 620, in _load_backend_mixin
    version = _bcrypt.__about__.__version__
              ^^^^^^^^^^^^^^^^^
AttributeError: module 'bcrypt' has no attribute '__about__'
INFO:     connection closed
INFO:     ('192.168.0.25', 55945) - "WebSocket /ws?id=1&nombre=Lautaro" [accepted]
INFO:     connection open
INFO:     connection closed
INFO:     ('192.168.0.25', 55948) - "WebSocket /ws?id=5&nombre=Fermin" [accepted]
INFO:     connection open
INFO:     connection closed
INFO:     ('192.168.0.25', 56571) - "WebSocket /ws?id=5&nombre=Fermin" [accepted]
INFO:     connection open
INFO:     connection closed
INFO:     ('192.168.0.25', 56576) - "WebSocket /ws?id=1&nombre=Lautaro" [accepted]
INFO:     connection open
INFO:     connection closed
INFO:     ('192.168.0.199', 22500) - "WebSocket /ws?id=5&nombre=Fermin" [accepted]
INFO:     connection open
INFO:     connection closed
INFO:     ('192.168.0.25', 58423) - "WebSocket /ws?id=1&nombre=Lautaro" [accepted]
INFO:     connection open
INFO:     ('192.168.0.25', 58470) - "WebSocket /ws?id=1&nombre=Lautaro" [accepted]
INFO:     connection open
INFO:     connection closed
INFO:     ('192.168.0.25', 62048) - "WebSocket /ws?id=1&nombre=Lautaro" [accepted]
INFO:     connection open
INFO:     connection closed
INFO:     ('192.168.0.25', 62519) - "WebSocket /ws?id=1&nombre=Lautaro" [accepted]
INFO:     connection open
INFO:     connection closed
INFO:     connection closed
INFO:     connection closed
INFO:     ('192.168.160.59', 58422) - "WebSocket /ws?id=1&nombre=Lautaro" [accepted]
INFO:     connection open
INFO:     connection closed
WARNING:  Invalid HTTP request received.
WARNING:  Invalid HTTP request received.
WARNING:  Invalid HTTP request received.
WARNING:  Invalid HTTP request received.
WARNING:  Invalid HTTP request received.
WARNING:  Invalid HTTP request received.
WARNING:  Invalid HTTP request received.
WARNING:  Invalid HTTP request received.
INFO:     ('192.168.160.59', 58441) - "WebSocket /ws?id=1&nombre=Lautaro" [accepted]
INFO:     connection open
INFO:     ('192.168.0.28', 57515) - "WebSocket /ws?id=4&nombre=Ruben" [accepted]
INFO:     connection open
INFO:     connection closed
INFO:     ('192.168.160.59', 58446) - "WebSocket /ws?id=1&nombre=Lautaro" [accepted]
INFO:     connection open
INFO:     connection closed
INFO:     ('192.168.160.59', 58450) - "WebSocket /ws?id=1&nombre=Lautaro" [accepted]
INFO:     connection open
INFO:     connection closed
INFO:     connection closed
INFO:     ('192.168.0.25', 52999) - "WebSocket /ws?id=1&nombre=Lautaro" [accepted]
INFO:     connection open
INFO:     connection closed
INFO:     ('192.168.0.25', 53026) - "WebSocket /ws?id=1&nombre=Lautaro" [accepted]
INFO:     connection open
INFO:     Shutting down
INFO:     connection closed
INFO:     Waiting for application shutdown.
INFO:     Application shutdown complete.
INFO:     Finished server process [33748]
INFO:     Stopping reloader process [14344]
INFO:     Will watch for changes in these directories: ['C:\\Users\\Usuario\\Documents\\DonEmilioCVs\\Api']
INFO:     Uvicorn running on http://0.0.0.0:7555 (Press CTRL+C to quit)
INFO:     Started reloader process [20888] using WatchFiles
INFO:     Started server process [16856]
INFO:     Waiting for application startup.
INFO:     Application startup complete.
INFO:     ('192.168.0.25', 53565) - "WebSocket /ws?id=1&nombre=Lautaro" [accepted]
INFO:     connection open
WARNING:  WatchFiles detected changes in 'routers\usuarios.py'. Reloading...
INFO:     Shutting down
INFO:     connection closed
INFO:     Waiting for application shutdown.
INFO:     Application shutdown complete.
INFO:     Finished server process [16856]
INFO:     Started server process [11028]
INFO:     Waiting for application startup.
INFO:     Application startup complete.
INFO:     ('192.168.0.25', 54062) - "WebSocket /ws?id=1&nombre=Lautaro" [accepted]
INFO:     connection open
WARNING:  WatchFiles detected changes in 'routers\usuarios.py'. Reloading...
INFO:     Shutting down
INFO:     connection closed
INFO:     Waiting for application shutdown.
INFO:     Application shutdown complete.
INFO:     Finished server process [11028]
INFO:     Started server process [1424]
INFO:     Waiting for application startup.
INFO:     Application startup complete.
INFO:     ('192.168.0.25', 54072) - "WebSocket /ws?id=1&nombre=Lautaro" [accepted]
INFO:     connection open
WARNING:  WatchFiles detected changes in 'routers\usuarios.py'. Reloading...
INFO:     Shutting down
INFO:     connection closed
INFO:     Waiting for application shutdown.
INFO:     Application shutdown complete.
INFO:     Finished server process [1424]
INFO:     Started server process [12720]
INFO:     Waiting for application startup.
INFO:     Application startup complete.
INFO:     Shutting down
INFO:     Waiting for application shutdown.
INFO:     Application shutdown complete.
INFO:     Finished server process [12720]
INFO:     Stopping reloader process [20888]
INFO:     Will watch for changes in these directories: ['C:\\Users\\Usuario\\Documents\\DonEmilioCVs\\Api']
INFO:     Uvicorn running on http://0.0.0.0:7555 (Press CTRL+C to quit)
INFO:     Started reloader process [31068] using WatchFiles
INFO:     Started server process [13788]
INFO:     Waiting for application startup.
INFO:     Application startup complete.
INFO:     ('192.168.0.25', 54080) - "WebSocket /ws?id=1&nombre=Lautaro" [accepted]
INFO:     connection open
(trapped) error reading bcrypt version
Traceback (most recent call last):
  File "C:\Users\Usuario\Documents\DonEmilioCVs\Api\venv\Lib\site-packages\passlib\handlers\bcrypt.py", line 620, in _load_backend_mixin
    version = _bcrypt.__about__.__version__
              ^^^^^^^^^^^^^^^^^
AttributeError: module 'bcrypt' has no attribute '__about__'
INFO:     ('192.168.0.25', 54106) - "WebSocket /ws?id=1&nombre=Lautaro" [accepted]
INFO:     connection open
INFO:     connection closed
INFO:     ('192.168.0.25', 54120) - "WebSocket /ws?id=1&nombre=Lautaro" [accepted]
INFO:     connection open
INFO:     connection closed
INFO:     ('192.168.0.25', 54451) - "WebSocket /ws?id=1&nombre=Lautaro" [accepted]
INFO:     connection open
INFO:     Shutting down
INFO:     connection closed
INFO:     connection closed
INFO:     Waiting for application shutdown.
INFO:     Application shutdown complete.
INFO:     Finished server process [13788]
INFO:     Stopping reloader process [31068]
INFO:     Will watch for changes in these directories: ['C:\\Users\\Usuario\\Documents\\DonEmilioCVs\\Api']
INFO:     Uvicorn running on http://0.0.0.0:7555 (Press CTRL+C to quit)
INFO:     Started reloader process [20732] using WatchFiles
INFO:     Started server process [2504]
INFO:     Waiting for application startup.
INFO:     Application startup complete.
INFO:     ('192.168.0.25', 54571) - "WebSocket /ws?id=1&nombre=Lautaro" [accepted]
INFO:     connection open
INFO:     ('192.168.0.25', 54572) - "WebSocket /ws?id=1&nombre=Lautaro" [accepted]
INFO:     connection open
INFO:     connection closed
(trapped) error reading bcrypt version
Traceback (most recent call last):
  File "C:\Users\Usuario\Documents\DonEmilioCVs\Api\venv\Lib\site-packages\passlib\handlers\bcrypt.py", line 620, in _load_backend_mixin
    version = _bcrypt.__about__.__version__
              ^^^^^^^^^^^^^^^^^
AttributeError: module 'bcrypt' has no attribute '__about__'
INFO:     connection closed
INFO:     ('192.168.0.25', 54588) - "WebSocket /ws?id=1&nombre=Lautaro" [accepted]
INFO:     connection open
INFO:     connection closed
INFO:     ('192.168.0.25', 54602) - "WebSocket /ws?id=1&nombre=Lautaro" [accepted]
INFO:     connection open
INFO:     connection closed
INFO:     ('192.168.0.25', 54618) - "WebSocket /ws?id=1&nombre=Lautaro" [accepted]
INFO:     connection open
INFO:     connection closed
INFO:     ('192.168.0.25', 54631) - "WebSocket /ws?id=1&nombre=Lautaro" [accepted]
INFO:     connection open
INFO:     connection closed
INFO:     ('192.168.0.25', 54658) - "WebSocket /ws?id=1&nombre=Lautaro" [accepted]
INFO:     connection open
INFO:     connection closed
INFO:     ('192.168.0.25', 54675) - "WebSocket /ws?id=1&nombre=Lautaro" [accepted]
INFO:     connection open
INFO:     connection closed
INFO:     ('192.168.0.25', 55153) - "WebSocket /ws?id=1&nombre=Lautaro" [accepted]
INFO:     connection open
INFO:     connection closed
INFO:     ('192.168.0.25', 55275) - "WebSocket /ws?id=1&nombre=Lautaro" [accepted]
INFO:     connection open
INFO:     Shutting down
INFO:     connection closed
INFO:     Waiting for application shutdown.
INFO:     Application shutdown complete.
INFO:     Finished server process [2504]
INFO:     Stopping reloader process [20732]
INFO:     Will watch for changes in these directories: ['C:\\Users\\Usuario\\Documents\\DonEmilioCVs\\Api']
INFO:     Uvicorn running on http://0.0.0.0:7555 (Press CTRL+C to quit)
INFO:     Started reloader process [12564] using WatchFiles
INFO:     Started server process [33316]
INFO:     Waiting for application startup.
INFO:     Application startup complete.
INFO:     ('192.168.0.25', 56351) - "WebSocket /ws?id=1&nombre=Lautaro" [accepted]
INFO:     connection open
(trapped) error reading bcrypt version
Traceback (most recent call last):
  File "C:\Users\Usuario\Documents\DonEmilioCVs\Api\venv\Lib\site-packages\passlib\handlers\bcrypt.py", line 620, in _load_backend_mixin
    version = _bcrypt.__about__.__version__
              ^^^^^^^^^^^^^^^^^
AttributeError: module 'bcrypt' has no attribute '__about__'
INFO:     connection closed
INFO:     ('192.168.0.25', 56385) - "WebSocket /ws?id=1&nombre=Lautaro" [accepted]
INFO:     connection open
INFO:     connection closed
INFO:     ('192.168.0.25', 56394) - "WebSocket /ws?id=1&nombre=Lautaro" [accepted]
INFO:     connection open
INFO:     connection closed
INFO:     ('192.168.0.25', 57644) - "WebSocket /ws?id=1&nombre=Lautaro" [accepted]
INFO:     connection open
WARNING:  WatchFiles detected changes in 'services\postulaciones.py'. Reloading...
INFO:     Shutting down
INFO:     connection closed
INFO:     Waiting for application shutdown.
INFO:     Application shutdown complete.
INFO:     Finished server process [33316]
INFO:     Started server process [23804]
INFO:     Waiting for application startup.
INFO:     Application startup complete.
INFO:     ('192.168.0.25', 50887) - "WebSocket /ws?id=1&nombre=Lautaro" [accepted]
INFO:     connection open
INFO:     Shutting down
INFO:     connection closed
INFO:     Waiting for application shutdown.
INFO:     Application shutdown complete.
INFO:     Finished server process [23804]
INFO:     Stopping reloader process [12564]
INFO:     Will watch for changes in these directories: ['C:\\Users\\Usuario\\Documents\\DonEmilioCVs\\Api']
INFO:     Uvicorn running on http://0.0.0.0:7555 (Press CTRL+C to quit)
INFO:     Started reloader process [7680] using WatchFiles
INFO:     Started server process [21600]
INFO:     Waiting for application startup.
INFO:     Application startup complete.
INFO:     ('192.168.0.25', 52005) - "WebSocket /ws?id=1&nombre=Lautaro" [accepted]
INFO:     connection open
(trapped) error reading bcrypt version
Traceback (most recent call last):
  File "C:\Users\Usuario\Documents\DonEmilioCVs\Api\venv\Lib\site-packages\passlib\handlers\bcrypt.py", line 620, in _load_backend_mixin
    version = _bcrypt.__about__.__version__
              ^^^^^^^^^^^^^^^^^
AttributeError: module 'bcrypt' has no attribute '__about__'
INFO:     ('192.168.0.25', 52616) - "WebSocket /ws?id=1&nombre=Lautaro" [accepted]
INFO:     connection open
INFO:     ('192.168.0.161', 52748) - "WebSocket /ws?id=3&nombre=Gabriela" [accepted]
INFO:     connection open
INFO:     connection closed
INFO:     connection closed
INFO:     ('192.168.0.25', 55208) - "WebSocket /ws?id=1&nombre=Lautaro" [accepted]
INFO:     connection open
INFO:     connection closed
INFO:     ('192.168.0.25', 58488) - "WebSocket /ws?id=1&nombre=Lautaro" [accepted]
INFO:     connection open
WARNING:  WatchFiles detected changes in 'routers\postulaciones.py'. Reloading...
INFO:     Shutting down
INFO:     connection closed
INFO:     connection closed
INFO:     Waiting for application shutdown.
INFO:     Application shutdown complete.
INFO:     Finished server process [21600]
INFO:     Started server process [4696]
INFO:     Waiting for application startup.
INFO:     Application startup complete.
INFO:     ('192.168.0.25', 59475) - "WebSocket /ws?id=1&nombre=Lautaro" [accepted]
INFO:     connection open
INFO:     ('192.168.0.161', 61002) - "WebSocket /ws?id=3&nombre=Gabriela" [accepted]
INFO:     connection open
(trapped) error reading bcrypt version
Traceback (most recent call last):
  File "C:\Users\Usuario\Documents\DonEmilioCVs\Api\venv\Lib\site-packages\passlib\handlers\bcrypt.py", line 620, in _load_backend_mixin
    version = _bcrypt.__about__.__version__
              ^^^^^^^^^^^^^^^^^
AttributeError: module 'bcrypt' has no attribute '__about__'
INFO:     ('192.168.0.25', 59960) - "WebSocket /ws?id=1&nombre=Lautaro" [accepted]
INFO:     connection open
INFO:     connection closed
INFO:     Shutting down
INFO:     connection closed
INFO:     connection closed
INFO:     Waiting for application shutdown.
INFO:     Application shutdown complete.
INFO:     Finished server process [4696]
INFO:     Stopping reloader process [7680]
INFO:     Will watch for changes in these directories: ['C:\\Users\\Usuario\\Documents\\DonEmilioCVs\\Api']
INFO:     Uvicorn running on http://0.0.0.0:7555 (Press CTRL+C to quit)
INFO:     Started reloader process [6024] using WatchFiles
INFO:     Started server process [32836]
INFO:     Waiting for application startup.
INFO:     Application startup complete.
INFO:     ('192.168.0.161', 59790) - "WebSocket /ws?id=3&nombre=Gabriela" [accepted]
INFO:     connection open
INFO:     ('192.168.0.25', 60036) - "WebSocket /ws?id=1&nombre=Lautaro" [accepted]
INFO:     connection open
INFO:     connection closed
(trapped) error reading bcrypt version
Traceback (most recent call last):
  File "C:\Users\Usuario\Documents\DonEmilioCVs\Api\venv\Lib\site-packages\passlib\handlers\bcrypt.py", line 620, in _load_backend_mixin
    version = _bcrypt.__about__.__version__
              ^^^^^^^^^^^^^^^^^
AttributeError: module 'bcrypt' has no attribute '__about__'
INFO:     ('192.168.0.25', 60049) - "WebSocket /ws?id=1&nombre=Lautaro" [accepted]
INFO:     connection open
INFO:     connection closed
INFO:     ('192.168.0.25', 62333) - "WebSocket /ws?id=1&nombre=Lautaro" [accepted]
INFO:     connection open
INFO:     connection closed
INFO:     ('192.168.0.25', 63362) - "WebSocket /ws?id=1&nombre=Lautaro" [accepted]
INFO:     connection open
INFO:     connection closed
INFO:     ('192.168.0.25', 65042) - "WebSocket /ws?id=1&nombre=Lautaro" [accepted]
INFO:     connection open
INFO:     connection closed
INFO:     ('192.168.0.25', 55187) - "WebSocket /ws?id=1&nombre=Lautaro" [accepted]
INFO:     connection open
INFO:     connection closed
INFO:     ('192.168.0.161', 63072) - "WebSocket /ws?id=3&nombre=Gabriela" [accepted]
INFO:     connection open
INFO:     connection closed
INFO:     ('192.168.0.161', 53348) - "WebSocket /ws?id=3&nombre=Gabriela" [accepted]
INFO:     connection open
INFO:     connection closed
INFO:     ('192.168.0.161', 60436) - "WebSocket /ws?id=3&nombre=Gabriela" [accepted]
INFO:     connection open
INFO:     connection closed
INFO:     ('192.168.0.25', 50651) - "WebSocket /ws?id=1&nombre=Lautaro" [accepted]
INFO:     connection open
INFO:     connection closed
INFO:     ('192.168.0.25', 51067) - "WebSocket /ws?id=1&nombre=Lautaro" [accepted]
INFO:     connection open
INFO:     connection closed
INFO:     ('192.168.0.25', 51152) - "WebSocket /ws?id=1&nombre=Lautaro" [accepted]
INFO:     connection open
INFO:     connection closed
INFO:     ('192.168.0.25', 51189) - "WebSocket /ws?id=1&nombre=Lautaro" [accepted]
INFO:     connection open
WARNING:  WatchFiles detected changes in 'routers\postulaciones.py'. Reloading...
INFO:     Shutting down
INFO:     connection closed
INFO:     connection closed
INFO:     Waiting for application shutdown.
INFO:     Application shutdown complete.
INFO:     Finished server process [32836]
INFO:     Started server process [29064]
INFO:     Waiting for application startup.
INFO:     Application startup complete.
INFO:     ('192.168.0.25', 51304) - "WebSocket /ws?id=1&nombre=Lautaro" [accepted]
INFO:     connection open
INFO:     ('192.168.0.161', 53275) - "WebSocket /ws?id=3&nombre=Gabriela" [accepted]
INFO:     connection open
INFO:     connection closed
INFO:     ('192.168.0.25', 53213) - "WebSocket /ws?id=1&nombre=Lautaro" [accepted]
INFO:     connection open
WARNING:  WatchFiles detected changes in 'routers\postulaciones.py'. Reloading...
INFO:     Shutting down
INFO:     connection closed
INFO:     connection closed
INFO:     Waiting for application shutdown.
INFO:     Application shutdown complete.
INFO:     Finished server process [29064]
INFO:     Started server process [36020]
INFO:     Waiting for application startup.
INFO:     Application startup complete.
INFO:     ('192.168.0.25', 53508) - "WebSocket /ws?id=1&nombre=Lautaro" [accepted]
INFO:     connection open
INFO:     ('192.168.0.161', 51862) - "WebSocket /ws?id=3&nombre=Gabriela" [accepted]
INFO:     connection open
INFO:     Shutting down
INFO:     connection closed
INFO:     connection closed
INFO:     Waiting for application shutdown.
INFO:     Application shutdown complete.
INFO:     Finished server process [36020]
INFO:     Stopping reloader process [6024]
INFO:     Will watch for changes in these directories: ['C:\\Users\\Usuario\\Documents\\DonEmilioCVs\\Api']
INFO:     Uvicorn running on http://0.0.0.0:7555 (Press CTRL+C to quit)
INFO:     Started reloader process [21460] using WatchFiles
INFO:     Started server process [16576]
INFO:     Waiting for application startup.
INFO:     Application startup complete.
INFO:     ('192.168.0.25', 53630) - "WebSocket /ws?id=1&nombre=Lautaro" [accepted]
INFO:     connection open
INFO:     ('192.168.0.161', 65081) - "WebSocket /ws?id=3&nombre=Gabriela" [accepted]
INFO:     connection open
INFO:     connection closed
INFO:     ('192.168.0.25', 55260) - "WebSocket /ws?id=1&nombre=Lautaro" [accepted]
INFO:     connection open
INFO:     connection closed
INFO:     ('192.168.0.25', 58366) - "WebSocket /ws?id=1&nombre=Lautaro" [accepted]
INFO:     connection open
INFO:     connection closed
INFO:     ('192.168.0.25', 58445) - "WebSocket /ws?id=1&nombre=Lautaro" [accepted]
INFO:     connection open
INFO:     connection closed
INFO:     ('192.168.0.25', 58872) - "WebSocket /ws?id=1&nombre=Lautaro" [accepted]
INFO:     connection open
INFO:     connection closed
INFO:     ('192.168.0.25', 60528) - "WebSocket /ws?id=1&nombre=Lautaro" [accepted]
INFO:     connection open
INFO:     connection closed
INFO:     ('192.168.0.25', 61901) - "WebSocket /ws?id=1&nombre=Lautaro" [accepted]
INFO:     connection open
INFO:     Shutting down
INFO:     connection closed
INFO:     connection closed
INFO:     Waiting for application shutdown.
INFO:     Application shutdown complete.
INFO:     Finished server process [16576]
INFO:     Stopping reloader process [21460]
INFO:     Will watch for changes in these directories: ['C:\\Users\\Usuario\\Documents\\DonEmilioCVs\\Api']
INFO:     Uvicorn running on http://0.0.0.0:7555 (Press CTRL+C to quit)
INFO:     Started reloader process [32796] using WatchFiles
INFO:     Started server process [17356]
INFO:     Waiting for application startup.
INFO:     Application startup complete.
INFO:     ('192.168.0.161', 63881) - "WebSocket /ws?id=3&nombre=Gabriela" [accepted]
INFO:     connection open
INFO:     ('192.168.0.25', 62982) - "WebSocket /ws?id=1&nombre=Lautaro" [accepted]
INFO:     connection open
INFO:     ('192.168.0.25', 62988) - "WebSocket /ws?id=1&nombre=Lautaro" [accepted]
INFO:     connection open
INFO:     connection closed
INFO:     ('192.168.0.25', 62991) - "WebSocket /ws?id=1&nombre=Lautaro" [accepted]
INFO:     connection open
(trapped) error reading bcrypt version
Traceback (most recent call last):
  File "C:\Users\Usuario\Documents\DonEmilioCVs\Api\venv\Lib\site-packages\passlib\handlers\bcrypt.py", line 620, in _load_backend_mixin
    version = _bcrypt.__about__.__version__
              ^^^^^^^^^^^^^^^^^
AttributeError: module 'bcrypt' has no attribute '__about__'
INFO:     connection closed
INFO:     ('192.168.0.25', 62992) - "WebSocket /ws?id=1&nombre=Lautaro" [accepted]
INFO:     connection open
INFO:     connection closed
INFO:     ('192.168.0.25', 64242) - "WebSocket /ws?id=1&nombre=Lautaro" [accepted]
INFO:     connection open
INFO:     connection closed
INFO:     ('192.168.0.161', 62111) - "WebSocket /ws?id=3&nombre=Gabriela" [accepted]
INFO:     connection open
INFO:     connection closed
INFO:     connection closed
INFO:     ('192.168.0.25', 65342) - "WebSocket /ws?id=1&nombre=Lautaro" [accepted]
INFO:     connection open
INFO:     connection closed
INFO:     ('192.168.0.25', 65345) - "WebSocket /ws?id=1&nombre=Lautaro" [accepted]
INFO:     connection open
INFO:     Shutting down
INFO:     connection closed
INFO:     connection closed
INFO:     Waiting for application shutdown.
INFO:     Application shutdown complete.
INFO:     Finished server process [17356]
INFO:     Stopping reloader process [32796]
INFO:     Will watch for changes in these directories: ['C:\\Users\\Usuario\\Documents\\DonEmilioCVs\\Api']
INFO:     Uvicorn running on http://0.0.0.0:7555 (Press CTRL+C to quit)
INFO:     Started reloader process [6432] using WatchFiles
INFO:     Started server process [31404]
INFO:     Waiting for application startup.
INFO:     Application startup complete.
INFO:     ('192.168.0.161', 49440) - "WebSocket /ws?id=3&nombre=Gabriela" [accepted]
INFO:     connection open
INFO:     ('192.168.0.25', 50089) - "WebSocket /ws?id=1&nombre=Lautaro" [accepted]
INFO:     connection open
INFO:     ('192.168.0.25', 50093) - "WebSocket /ws?id=1&nombre=Lautaro" [accepted]
INFO:     connection open
(trapped) error reading bcrypt version
Traceback (most recent call last):
  File "C:\Users\Usuario\Documents\DonEmilioCVs\Api\venv\Lib\site-packages\passlib\handlers\bcrypt.py", line 620, in _load_backend_mixin
    version = _bcrypt.__about__.__version__
              ^^^^^^^^^^^^^^^^^
AttributeError: module 'bcrypt' has no attribute '__about__'
INFO:     connection closed
INFO:     ('192.168.0.161', 63545) - "WebSocket /ws?id=3&nombre=Gabriela" [accepted]
INFO:     connection open
WARNING:  WatchFiles detected changes in 'services\postulaciones.py'. Reloading...
INFO:     Shutting down
INFO:     connection closed
INFO:     connection closed
INFO:     connection closed
INFO:     Waiting for application shutdown.
INFO:     Application shutdown complete.
INFO:     Finished server process [31404]
INFO:     Started server process [28196]
INFO:     Waiting for application startup.
INFO:     Application startup complete.
INFO:     ('192.168.0.161', 63054) - "WebSocket /ws?id=3&nombre=Gabriela" [accepted]
INFO:     connection open
INFO:     ('192.168.0.25', 50559) - "WebSocket /ws?id=1&nombre=Lautaro" [accepted]
INFO:     connection open
INFO:     ('192.168.0.25', 50560) - "WebSocket /ws?id=1&nombre=Lautaro" [accepted]
INFO:     connection open
WARNING:  WatchFiles detected changes in 'routers\postulaciones.py'. Reloading...
INFO:     Shutting down
INFO:     connection closed
INFO:     connection closed
INFO:     connection closed
INFO:     Waiting for application shutdown.
INFO:     Application shutdown complete.
INFO:     Finished server process [28196]
INFO:     Started server process [34456]
INFO:     Waiting for application startup.
INFO:     Application startup complete.
INFO:     ('192.168.0.161', 60911) - "WebSocket /ws?id=3&nombre=Gabriela" [accepted]
INFO:     connection open
INFO:     ('192.168.0.25', 50578) - "WebSocket /ws?id=1&nombre=Lautaro" [accepted]
INFO:     connection open
INFO:     ('192.168.0.25', 50579) - "WebSocket /ws?id=1&nombre=Lautaro" [accepted]
INFO:     connection open
(trapped) error reading bcrypt version
Traceback (most recent call last):
  File "C:\Users\Usuario\Documents\DonEmilioCVs\Api\venv\Lib\site-packages\passlib\handlers\bcrypt.py", line 620, in _load_backend_mixin
    version = _bcrypt.__about__.__version__
              ^^^^^^^^^^^^^^^^^
AttributeError: module 'bcrypt' has no attribute '__about__'
INFO:     ('192.168.0.25', 51112) - "WebSocket /ws?id=1&nombre=Lautaro" [accepted]
INFO:     connection open
INFO:     connection closed
INFO:     ('192.168.0.25', 51123) - "WebSocket /ws?id=1&nombre=Lautaro" [accepted]
INFO:     connection open
INFO:     Shutting down
INFO:     connection closed
INFO:     connection closed
INFO:     connection closed
INFO:     connection closed
INFO:     Waiting for application shutdown.
INFO:     Application shutdown complete.
INFO:     Finished server process [34456]
INFO:     Stopping reloader process [6432]
INFO:     Will watch for changes in these directories: ['C:\\Users\\Usuario\\Documents\\DonEmilioCVs\\Api']
INFO:     Uvicorn running on http://0.0.0.0:7555 (Press CTRL+C to quit)
INFO:     Started reloader process [15204] using WatchFiles
INFO:     Started server process [30712]
INFO:     Waiting for application startup.
INFO:     Application startup complete.
INFO:     ('192.168.0.161', 56719) - "WebSocket /ws?id=3&nombre=Gabriela" [accepted]
INFO:     connection open
INFO:     ('192.168.0.25', 51693) - "WebSocket /ws?id=1&nombre=Lautaro" [accepted]
INFO:     connection open
INFO:     ('192.168.0.25', 51695) - "WebSocket /ws?id=1&nombre=Lautaro" [accepted]
INFO:     connection open
INFO:     ('192.168.0.25', 51696) - "WebSocket /ws?id=1&nombre=Lautaro" [accepted]
INFO:     connection open
INFO:     connection closed
INFO:     ('192.168.0.25', 51702) - "WebSocket /ws?id=1&nombre=Lautaro" [accepted]
INFO:     connection open
INFO:     connection closed
INFO:     ('192.168.0.25', 51706) - "WebSocket /ws?id=1&nombre=Lautaro" [accepted]
INFO:     connection open
INFO:     connection closed
INFO:     ('192.168.0.25', 51709) - "WebSocket /ws?id=1&nombre=Lautaro" [accepted]
INFO:     connection open
INFO:     connection closed
INFO:     ('192.168.0.25', 51710) - "WebSocket /ws?id=1&nombre=Lautaro" [accepted]
INFO:     connection open
INFO:     connection closed
INFO:     ('192.168.0.25', 51711) - "WebSocket /ws?id=1&nombre=Lautaro" [accepted]
INFO:     connection open
INFO:     connection closed
INFO:     ('192.168.0.25', 51712) - "WebSocket /ws?id=1&nombre=Lautaro" [accepted]
INFO:     connection open
INFO:     connection closed
INFO:     ('192.168.0.25', 51713) - "WebSocket /ws?id=1&nombre=Lautaro" [accepted]
INFO:     connection open
INFO:     connection closed
INFO:     ('192.168.0.25', 51714) - "WebSocket /ws?id=1&nombre=Lautaro" [accepted]
INFO:     connection open
INFO:     connection closed
INFO:     ('192.168.0.25', 51715) - "WebSocket /ws?id=1&nombre=Lautaro" [accepted]
INFO:     connection open
INFO:     connection closed
INFO:     ('192.168.0.25', 51716) - "WebSocket /ws?id=1&nombre=Lautaro" [accepted]
INFO:     connection open
INFO:     connection closed
INFO:     ('192.168.0.25', 51717) - "WebSocket /ws?id=1&nombre=Lautaro" [accepted]
INFO:     connection open
INFO:     connection closed
INFO:     ('192.168.0.25', 51718) - "WebSocket /ws?id=1&nombre=Lautaro" [accepted]
INFO:     connection open
INFO:     connection closed
INFO:     ('192.168.0.25', 51719) - "WebSocket /ws?id=1&nombre=Lautaro" [accepted]
INFO:     connection open
INFO:     connection closed
INFO:     ('192.168.0.25', 51720) - "WebSocket /ws?id=1&nombre=Lautaro" [accepted]
INFO:     connection open
INFO:     connection closed
INFO:     ('192.168.0.25', 51721) - "WebSocket /ws?id=1&nombre=Lautaro" [accepted]
INFO:     connection open
INFO:     connection closed
INFO:     ('192.168.0.25', 51722) - "WebSocket /ws?id=1&nombre=Lautaro" [accepted]
INFO:     connection open
INFO:     connection closed
INFO:     ('192.168.0.25', 51723) - "WebSocket /ws?id=1&nombre=Lautaro" [accepted]
INFO:     connection open
INFO:     connection closed
INFO:     ('192.168.0.25', 51724) - "WebSocket /ws?id=1&nombre=Lautaro" [accepted]
INFO:     connection open
INFO:     connection closed
INFO:     ('192.168.0.25', 51725) - "WebSocket /ws?id=1&nombre=Lautaro" [accepted]
INFO:     connection open
WARNING:  WatchFiles detected changes in 'services\postulaciones.py'. Reloading...
INFO:     Shutting down
INFO:     connection closed
INFO:     connection closed
INFO:     connection closed
INFO:     connection closed
INFO:     Waiting for application shutdown.
INFO:     Application shutdown complete.
INFO:     Finished server process [30712]
INFO:     Started server process [27652]
INFO:     Waiting for application startup.
INFO:     Application startup complete.
INFO:     Shutting down
INFO:     Waiting for application shutdown.
INFO:     Application shutdown complete.
INFO:     Finished server process [27652]
INFO:     Stopping reloader process [15204]
INFO:     Will watch for changes in these directories: ['C:\\Users\\Usuario\\Documents\\DonEmilioCVs\\Api']
INFO:     Uvicorn running on http://0.0.0.0:7555 (Press CTRL+C to quit)
INFO:     Started reloader process [20936] using WatchFiles
INFO:     Started server process [24216]
INFO:     Waiting for application startup.
INFO:     Application startup complete.
INFO:     ('192.168.0.25', 51753) - "WebSocket /ws?id=1&nombre=Lautaro" [accepted]
INFO:     connection open
INFO:     ('192.168.0.25', 51760) - "WebSocket /ws?id=1&nombre=Lautaro" [accepted]
INFO:     connection open
INFO:     ('192.168.0.25', 51761) - "WebSocket /ws?id=1&nombre=Lautaro" [accepted]
INFO:     connection open
INFO:     ('192.168.0.161', 65416) - "WebSocket /ws?id=3&nombre=Gabriela" [accepted]
INFO:     connection open
INFO:     connection closed
INFO:     ('192.168.0.25', 52277) - "WebSocket /ws?id=1&nombre=Lautaro" [accepted]
INFO:     connection open
INFO:     connection closed
INFO:     ('192.168.0.25', 52791) - "WebSocket /ws?id=1&nombre=Lautaro" [accepted]
INFO:     connection open
INFO:     connection closed
INFO:     ('192.168.0.25', 52824) - "WebSocket /ws?id=1&nombre=Lautaro" [accepted]
INFO:     connection open
INFO:     connection closed
INFO:     connection closed
INFO:     ('192.168.0.25', 53420) - "WebSocket /ws?id=1&nombre=Lautaro" [accepted]
INFO:     connection open
INFO:     Shutting down
INFO:     connection closed
INFO:     connection closed
INFO:     connection closed
INFO:     Waiting for application shutdown.
INFO:     Application shutdown complete.
INFO:     Finished server process [24216]
INFO:     Stopping reloader process [20936]
INFO:     Will watch for changes in these directories: ['C:\\Users\\Usuario\\Documents\\DonEmilioCVs\\Api']
INFO:     Uvicorn running on http://0.0.0.0:7555 (Press CTRL+C to quit)
INFO:     Started reloader process [9536] using WatchFiles
INFO:     Started server process [13908]
INFO:     Waiting for application startup.
INFO:     Application startup complete.
INFO:     ('192.168.0.25', 53465) - "WebSocket /ws?id=1&nombre=Lautaro" [accepted]
INFO:     connection open
INFO:     ('192.168.0.25', 53466) - "WebSocket /ws?id=1&nombre=Lautaro" [accepted]
INFO:     connection open
INFO:     ('192.168.0.161', 52362) - "WebSocket /ws?id=3&nombre=Gabriela" [accepted]
INFO:     connection open
INFO:     connection closed
INFO:     connection closed
INFO:     ('192.168.0.25', 53480) - "WebSocket /ws?id=1&nombre=Lautaro" [accepted]
INFO:     connection open
INFO:     connection closed
(trapped) error reading bcrypt version
Traceback (most recent call last):
  File "C:\Users\Usuario\Documents\DonEmilioCVs\Api\venv\Lib\site-packages\passlib\handlers\bcrypt.py", line 620, in _load_backend_mixin
    version = _bcrypt.__about__.__version__
              ^^^^^^^^^^^^^^^^^
AttributeError: module 'bcrypt' has no attribute '__about__'
INFO:     ('192.168.0.199', 32679) - "WebSocket /ws?id=4&nombre=Fermin" [accepted]
INFO:     connection open
INFO:     connection closed
INFO:     ('192.168.0.199', 37091) - "WebSocket /ws?id=4&nombre=Fermin" [accepted]
INFO:     connection open
WARNING:  WatchFiles detected changes in 'test_ws.py'. Reloading...
INFO:     Shutting down
INFO:     connection closed
INFO:     connection closed
INFO:     Waiting for application shutdown.
INFO:     Application shutdown complete.
INFO:     Finished server process [13908]
INFO:     Started server process [31000]
INFO:     Waiting for application startup.
INFO:     Application startup complete.
INFO:     ('192.168.0.161', 50413) - "WebSocket /ws?id=3&nombre=Gabriela" [accepted]
INFO:     connection open
INFO:     ('192.168.0.199', 8067) - "WebSocket /ws?id=4&nombre=Fermin" [accepted]
INFO:     connection open
WARNING:  WatchFiles detected changes in 'migrate_db.py'. Reloading...
INFO:     Shutting down
INFO:     connection closed
INFO:     connection closed
INFO:     Waiting for application shutdown.
INFO:     Application shutdown complete.
INFO:     Finished server process [31000]
INFO:     Started server process [32692]
INFO:     Waiting for application startup.
INFO:     Application startup complete.
INFO:     ('192.168.0.161', 49505) - "WebSocket /ws?id=3&nombre=Gabriela" [accepted]
INFO:     connection open
INFO:     ('192.168.0.199', 47953) - "WebSocket /ws?id=4&nombre=Fermin" [accepted]
INFO:     connection open
(trapped) error reading bcrypt version
Traceback (most recent call last):
  File "C:\Users\Usuario\Documents\DonEmilioCVs\Api\venv\Lib\site-packages\passlib\handlers\bcrypt.py", line 620, in _load_backend_mixin
    version = _bcrypt.__about__.__version__
              ^^^^^^^^^^^^^^^^^
AttributeError: module 'bcrypt' has no attribute '__about__'
INFO:     ('192.168.0.123', 53563) - "WebSocket /ws?id=3&nombre=Gabriela" [accepted]
INFO:     connection open
INFO:     connection closed
INFO:     ('192.168.0.161', 64256) - "WebSocket /ws?id=3&nombre=Gabriela" [accepted]
INFO:     connection open
INFO:     ('192.168.0.25', 52508) - "WebSocket /ws?id=1&nombre=Lautaro" [accepted]
INFO:     connection open
INFO:     connection closed
INFO:     connection closed
INFO:     connection closed
INFO:     ('172.17.4.9', 58939) - "WebSocket /ws?id=1&nombre=Lautaro" [accepted]
INFO:     connection open
INFO:     ('192.168.0.123', 54987) - "WebSocket /ws?id=3&nombre=Gabriela" [accepted]
INFO:     connection open
INFO:     connection closed
INFO:     connection closed
INFO:     ('172.17.4.9', 54391) - "WebSocket /ws?id=1&nombre=Lautaro" [accepted]
INFO:     connection open
INFO:     ('192.168.0.25', 61512) - "WebSocket /ws?id=1&nombre=Lautaro" [accepted]
INFO:     connection open
INFO:     connection closed
INFO:     ('192.168.0.25', 61515) - "WebSocket /ws?id=1&nombre=Lautaro" [accepted]
INFO:     connection open
INFO:     connection closed
INFO:     connection closed
INFO:     connection closed
INFO:     ('192.168.0.199', 63607) - "WebSocket /ws?id=4&nombre=Fermin" [accepted]
INFO:     connection open
INFO:     ('192.168.0.199', 3422) - "WebSocket /ws?id=4&nombre=Fermin" [accepted]
INFO:     connection open
INFO:     connection closed
INFO:     ('192.168.0.25', 63472) - "WebSocket /ws?id=1&nombre=Lautaro" [accepted]
INFO:     connection open
INFO:     connection closed
INFO:     Shutting down
INFO:     connection closed
INFO:     Waiting for application shutdown.
INFO:     Application shutdown complete.
INFO:     Finished server process [32692]
INFO:     Stopping reloader process [9536]
INFO:     Will watch for changes in these directories: ['C:\\Users\\Usuario\\Documents\\DonEmilioCVs\\Api']
INFO:     Uvicorn running on http://0.0.0.0:7550 (Press CTRL+C to quit)
INFO:     Started reloader process [7260] using WatchFiles
INFO:     Started server process [22680]
INFO:     Waiting for application startup.
INFO:     Application startup complete.
WARNING:  WatchFiles detected changes in 'models\postulaciones.py'. Reloading...
INFO:     Shutting down
INFO:     Waiting for application shutdown.
INFO:     Application shutdown complete.
INFO:     Finished server process [22680]
INFO:     Started server process [23900]
INFO:     Waiting for application startup.
INFO:     Application startup complete.
WARNING:  WatchFiles detected changes in 'schemas\postulaciones.py'. Reloading...
INFO:     Shutting down
INFO:     Waiting for application shutdown.
INFO:     Application shutdown complete.
INFO:     Finished server process [23900]
INFO:     Started server process [4556]
INFO:     Waiting for application startup.
INFO:     Application startup complete.
WARNING:  WatchFiles detected changes in 'services\postulaciones.py'. Reloading...
INFO:     Shutting down
INFO:     Waiting for application shutdown.
INFO:     Application shutdown complete.
INFO:     Finished server process [4556]
INFO:     Started server process [14944]
INFO:     Waiting for application startup.
INFO:     Application startup complete.
WARNING:  WatchFiles detected changes in 'routers\postulaciones.py'. Reloading...
INFO:     Shutting down
INFO:     Waiting for application shutdown.
INFO:     Application shutdown complete.
INFO:     Finished server process [14944]
INFO:     Started server process [3736]
INFO:     Waiting for application startup.
INFO:     Application startup complete.
WARNING:  WatchFiles detected changes in 'routers\postulaciones.py'. Reloading...
INFO:     Shutting down
INFO:     Waiting for application shutdown.
INFO:     Application shutdown complete.
INFO:     Finished server process [3736]
INFO:     Started server process [9728]
INFO:     Waiting for application startup.
INFO:     Application startup complete.
WARNING:  WatchFiles detected changes in 'services\postulaciones.py'. Reloading...
INFO:     Shutting down
INFO:     Waiting for application shutdown.
INFO:     Application shutdown complete.
INFO:     Finished server process [9728]
INFO:     Started server process [3592]
INFO:     Waiting for application startup.
INFO:     Application startup complete.
(trapped) error reading bcrypt version
Traceback (most recent call last):
  File "C:\Users\Usuario\Documents\DonEmilioCVs\Api\venv\Lib\site-packages\passlib\handlers\bcrypt.py", line 620, in _load_backend_mixin
    version = _bcrypt.__about__.__version__
              ^^^^^^^^^^^^^^^^^
AttributeError: module 'bcrypt' has no attribute '__about__'
INFO:     ('127.0.0.1', 50415) - "WebSocket /ws?id=1&nombre=Lautaro" [accepted]
INFO:     connection open
INFO:     connection closed
INFO:     ('127.0.0.1', 50434) - "WebSocket /ws?id=1&nombre=Lautaro" [accepted]
INFO:     connection open
INFO:     connection closed
INFO:     ('127.0.0.1', 50445) - "WebSocket /ws?id=1&nombre=Lautaro" [accepted]
INFO:     connection open
INFO:     connection closed
INFO:     ('127.0.0.1', 50450) - "WebSocket /ws?id=1&nombre=Lautaro" [accepted]
INFO:     connection open
INFO:     connection closed
INFO:     ('127.0.0.1', 50460) - "WebSocket /ws?id=1&nombre=Lautaro" [accepted]
INFO:     connection open
INFO:     connection closed
INFO:     ('127.0.0.1', 50529) - "WebSocket /ws?id=1&nombre=Lautaro" [accepted]
INFO:     connection open
INFO:     connection closed
INFO:     ('127.0.0.1', 50590) - "WebSocket /ws?id=1&nombre=Lautaro" [accepted]
INFO:     connection open
INFO:     Shutting down
INFO:     connection closed
INFO:     Waiting for application shutdown.
INFO:     Application shutdown complete.
INFO:     Finished server process [3592]
INFO:     Stopping reloader process [7260]
INFO:     Will watch for changes in these directories: ['C:\\Users\\Usuario\\Documents\\DonEmilioCVs\\Api']
INFO:     Uvicorn running on http://0.0.0.0:7550 (Press CTRL+C to quit)
INFO:     Started reloader process [16684] using WatchFiles
INFO:     Started server process [3832]
INFO:     Waiting for application startup.
INFO:     Application startup complete.
INFO:     ('127.0.0.1', 51089) - "WebSocket /ws?id=1&nombre=Lautaro" [accepted]
INFO:     connection open
INFO:     connection closed
INFO:     ('127.0.0.1', 51129) - "WebSocket /ws?id=1&nombre=Lautaro" [accepted]
INFO:     connection open
INFO:     Shutting down
INFO:     connection closed
INFO:     Waiting for application shutdown.
INFO:     Application shutdown complete.
INFO:     Finished server process [3832]
INFO:     Stopping reloader process [16684]
INFO:     Will watch for changes in these directories: ['C:\\Users\\Usuario\\Documents\\DonEmilioCVs\\Api']
INFO:     Uvicorn running on http://0.0.0.0:7550 (Press CTRL+C to quit)
INFO:     Started reloader process [8440] using WatchFiles
INFO:     Started server process [9908]
INFO:     Waiting for application startup.
INFO:     Application startup complete.
INFO:     ('127.0.0.1', 51240) - "WebSocket /ws?id=1&nombre=Lautaro" [accepted]
INFO:     connection open
INFO:     connection closed
INFO:     ('127.0.0.1', 53659) - "WebSocket /ws?id=1&nombre=Lautaro" [accepted]
INFO:     connection open
INFO:     connection closed
INFO:     ('127.0.0.1', 53694) - "WebSocket /ws?id=1&nombre=Lautaro" [accepted]
INFO:     connection open
INFO:     connection closed
INFO:     ('127.0.0.1', 53727) - "WebSocket /ws?id=1&nombre=Lautaro" [accepted]
INFO:     connection open
WARNING:  WatchFiles detected changes in 'services\postulaciones.py'. Reloading...
INFO:     Shutting down
INFO:     connection closed
INFO:     Waiting for application shutdown.
INFO:     Application shutdown complete.
INFO:     Finished server process [9908]
INFO:     Started server process [288]
INFO:     Waiting for application startup.
INFO:     Application startup complete.
INFO:     ('127.0.0.1', 53779) - "WebSocket /ws?id=1&nombre=Lautaro" [accepted]
INFO:     connection open
INFO:     Shutting down
INFO:     connection closed
INFO:     Waiting for application shutdown.
INFO:     Application shutdown complete.
INFO:     Finished server process [288]
INFO:     Stopping reloader process [8440]
INFO:     Will watch for changes in these directories: ['C:\\Users\\Usuario\\Documents\\DonEmilioCVs\\Api']
INFO:     Uvicorn running on http://0.0.0.0:7550 (Press CTRL+C to quit)
INFO:     Started reloader process [13568] using WatchFiles
INFO:     Started server process [10708]
INFO:     Waiting for application startup.
INFO:     Application startup complete.
INFO:     ('127.0.0.1', 54379) - "WebSocket /ws?id=1&nombre=Lautaro" [accepted]
INFO:     connection open
INFO:     connection closed
INFO:     ('127.0.0.1', 54909) - "WebSocket /ws?id=1&nombre=Lautaro" [accepted]
INFO:     connection open
INFO:     connection closed
INFO:     ('127.0.0.1', 55695) - "WebSocket /ws?id=1&nombre=Lautaro" [accepted]
INFO:     connection open
INFO:     connection closed
INFO:     ('127.0.0.1', 55754) - "WebSocket /ws?id=1&nombre=Lautaro" [accepted]
INFO:     connection open
INFO:     connection closed
INFO:     ('127.0.0.1', 57481) - "WebSocket /ws?id=1&nombre=Lautaro" [accepted]
INFO:     connection open
INFO:     connection closed
INFO:     ('127.0.0.1', 58769) - "WebSocket /ws?id=1&nombre=Lautaro" [accepted]
INFO:     connection open
INFO:     ('127.0.0.1', 58795) - "WebSocket /ws?id=1&nombre=Lautaro" [accepted]
INFO:     connection open
